0 info it worked if it ends with ok
1 verbose cli [ 'C:\\Program Files (x86)\\nodejs\\node.exe',
1 verbose cli   'C:\\Program Files (x86)\\nodejs\\node_modules\\npm\\bin\\npm-cli.js',
1 verbose cli   'install',
1 verbose cli   'gd' ]
2 info using npm@2.14.12
3 info using node@v4.2.6
4 verbose install initial load of c:\workspace\ido_server\package.json
5 verbose installManyTop reading scoped package data from c:\workspace\ido_server\node_modules\base-64\package.json
6 verbose installManyTop reading scoped package data from c:\workspace\ido_server\node_modules\body-parser\package.json
7 verbose installManyTop reading scoped package data from c:\workspace\ido_server\node_modules\build\package.json
8 verbose installManyTop reading scoped package data from c:\workspace\ido_server\node_modules\busboy\package.json
9 verbose installManyTop reading scoped package data from c:\workspace\ido_server\node_modules\connect-flash\package.json
10 verbose installManyTop reading scoped package data from c:\workspace\ido_server\node_modules\connect-multiparty\package.json
11 verbose installManyTop reading scoped package data from c:\workspace\ido_server\node_modules\cookie-parser\package.json
12 verbose installManyTop reading scoped package data from c:\workspace\ido_server\node_modules\cors\package.json
13 verbose installManyTop reading scoped package data from c:\workspace\ido_server\node_modules\debug\package.json
14 verbose installManyTop reading scoped package data from c:\workspace\ido_server\node_modules\ejs\package.json
15 verbose installManyTop reading scoped package data from c:\workspace\ido_server\node_modules\errorhandler\package.json
16 verbose installManyTop reading scoped package data from c:\workspace\ido_server\node_modules\express\package.json
17 verbose installManyTop reading scoped package data from c:\workspace\ido_server\node_modules\express-session\package.json
18 verbose installManyTop reading scoped package data from c:\workspace\ido_server\node_modules\form-data\package.json
19 verbose installManyTop reading scoped package data from c:\workspace\ido_server\node_modules\formidable\package.json
20 verbose installManyTop reading scoped package data from c:\workspace\ido_server\node_modules\fs\package.json
21 verbose installManyTop reading scoped package data from c:\workspace\ido_server\node_modules\http-auth\package.json
22 verbose installManyTop reading scoped package data from c:\workspace\ido_server\node_modules\jade\package.json
23 verbose installManyTop reading scoped package data from c:\workspace\ido_server\node_modules\jquery-modal\package.json
24 verbose installManyTop reading scoped package data from c:\workspace\ido_server\node_modules\method-override\package.json
25 verbose installManyTop reading scoped package data from c:\workspace\ido_server\node_modules\moment\package.json
26 verbose installManyTop reading scoped package data from c:\workspace\ido_server\node_modules\morgan\package.json
27 verbose installManyTop reading scoped package data from c:\workspace\ido_server\node_modules\multer\package.json
28 verbose installManyTop reading scoped package data from c:\workspace\ido_server\node_modules\multiparty\package.json
29 verbose installManyTop reading scoped package data from c:\workspace\ido_server\node_modules\mysql\package.json
30 verbose installManyTop reading scoped package data from c:\workspace\ido_server\node_modules\node-gyp\package.json
31 verbose installManyTop reading scoped package data from c:\workspace\ido_server\node_modules\node-php-server\package.json
32 verbose installManyTop reading scoped package data from c:\workspace\ido_server\node_modules\npm-debug.log\package.json
33 verbose installManyTop reading scoped package data from c:\workspace\ido_server\node_modules\passport\package.json
34 verbose installManyTop reading scoped package data from c:\workspace\ido_server\node_modules\passport-facebook\package.json
35 verbose installManyTop reading scoped package data from c:\workspace\ido_server\node_modules\passport-kakao\package.json
36 verbose installManyTop reading scoped package data from c:\workspace\ido_server\node_modules\passport-local\package.json
37 verbose installManyTop reading scoped package data from c:\workspace\ido_server\node_modules\serve-favicon\package.json
38 info package.json connect-flash@0.1.1 No license field.
39 info package.json formidable@1.0.17 No license field.
40 info package.json fs@0.0.2 fs is also the name of a node core module.
41 info package.json fs@0.0.2 No description
42 info package.json fs@0.0.2 No repository field.
43 info package.json passport-local@1.0.0 No license field.
44 info package.json base-64@0.1.0 No license field.
45 info package.json busboy@0.2.12 No license field.
46 info package.json http-auth@2.2.8 No license field.
47 info package.json node-php-server@0.1.2 No license field.
48 info package.json passport-facebook@2.0.0 No license field.
49 verbose readDependencies loading dependencies from c:\workspace\ido_server\package.json
50 silly cache add args [ 'gd', null ]
51 verbose cache add spec gd
52 silly cache add parsed spec Result {
52 silly cache add   raw: 'gd',
52 silly cache add   scope: null,
52 silly cache add   name: 'gd',
52 silly cache add   rawSpec: '',
52 silly cache add   spec: 'latest',
52 silly cache add   type: 'tag' }
53 silly addNamed gd@latest
54 verbose addNamed "latest" is being treated as a dist-tag for gd
55 info addNameTag [ 'gd', 'latest' ]
56 silly mapToRegistry name gd
57 silly mapToRegistry using default registry
58 silly mapToRegistry registry https://registry.npmjs.org/
59 silly mapToRegistry uri https://registry.npmjs.org/gd
60 verbose addNameTag registry:https://registry.npmjs.org/gd not in flight; fetching
61 verbose request uri https://registry.npmjs.org/gd
62 verbose request no auth needed
63 info attempt registry request try #1 at 09:15:51
64 verbose request id 9fe55cc0afedd955
65 http request GET https://registry.npmjs.org/gd
66 http 200 https://registry.npmjs.org/gd
67 verbose headers { server: 'CouchDB/1.5.0 (Erlang OTP/R16B03)',
67 verbose headers   etag: '"7V288I151XAWJISBC65H48M6Z"',
67 verbose headers   'content-type': 'application/json',
67 verbose headers   'content-encoding': 'gzip',
67 verbose headers   'cache-control': 'max-age=300',
67 verbose headers   'content-length': '659',
67 verbose headers   'accept-ranges': 'bytes',
67 verbose headers   date: 'Wed, 27 Apr 2016 00:15:47 GMT',
67 verbose headers   via: '1.1 varnish',
67 verbose headers   age: '0',
67 verbose headers   connection: 'keep-alive',
67 verbose headers   'x-served-by': 'cache-nrt6134-NRT',
67 verbose headers   'x-cache': 'MISS',
67 verbose headers   'x-cache-hits': '0',
67 verbose headers   'x-timer': 'S1461716146.741771,VS0,VE510',
67 verbose headers   vary: 'Accept-Encoding' }
68 silly get cb [ 200,
68 silly get   { server: 'CouchDB/1.5.0 (Erlang OTP/R16B03)',
68 silly get     etag: '"7V288I151XAWJISBC65H48M6Z"',
68 silly get     'content-type': 'application/json',
68 silly get     'content-encoding': 'gzip',
68 silly get     'cache-control': 'max-age=300',
68 silly get     'content-length': '659',
68 silly get     'accept-ranges': 'bytes',
68 silly get     date: 'Wed, 27 Apr 2016 00:15:47 GMT',
68 silly get     via: '1.1 varnish',
68 silly get     age: '0',
68 silly get     connection: 'keep-alive',
68 silly get     'x-served-by': 'cache-nrt6134-NRT',
68 silly get     'x-cache': 'MISS',
68 silly get     'x-cache-hits': '0',
68 silly get     'x-timer': 'S1461716146.741771,VS0,VE510',
68 silly get     vary: 'Accept-Encoding' } ]
69 verbose get saving gd to C:\Users\user\AppData\Roaming\npm-cache\registry.npmjs.org\gd\.cache.json
70 silly addNameTag next cb for gd with tag latest
71 silly addNamed gd@0.1.0
72 verbose addNamed "0.1.0" is a plain semver version for gd
73 silly mapToRegistry name gd
74 silly mapToRegistry using default registry
75 silly mapToRegistry registry https://registry.npmjs.org/
76 silly mapToRegistry uri https://registry.npmjs.org/gd
77 verbose addRemoteTarball https://registry.npmjs.org/gd/-/gd-0.1.0.tgz not in flight; adding
78 verbose addRemoteTarball [ 'https://registry.npmjs.org/gd/-/gd-0.1.0.tgz',
78 verbose addRemoteTarball   '44634d4b2e9b3198842a9174f2a264893c1854c2' ]
79 info retry fetch attempt 1 at 09:15:52
80 info attempt registry request try #1 at 09:15:52
81 http fetch GET https://registry.npmjs.org/gd/-/gd-0.1.0.tgz
82 http fetch 200 https://registry.npmjs.org/gd/-/gd-0.1.0.tgz
83 silly fetchAndShaCheck shasum 44634d4b2e9b3198842a9174f2a264893c1854c2
84 verbose addTmpTarball C:\Users\user\AppData\Local\Temp\npm-7568-431d23d6\registry.npmjs.org\gd\-\gd-0.1.0.tgz not in flight; adding
85 verbose addTmpTarball already have metadata; skipping unpack for gd@0.1.0
86 silly cache afterAdd gd@0.1.0
87 verbose afterAdd C:\Users\user\AppData\Roaming\npm-cache\gd\0.1.0\package\package.json not in flight; writing
88 verbose afterAdd C:\Users\user\AppData\Roaming\npm-cache\gd\0.1.0\package\package.json written
89 silly install resolved [ { name: 'gd',
89 silly install resolved     description: 'Node.js bindings for gd graphics library',
89 silly install resolved     version: '0.1.0',
89 silly install resolved     author: { name: 'taggon', email: 'gonom9@gmail.com' },
89 silly install resolved     keywords: [ 'graphics' ],
89 silly install resolved     engines: { node: '*' },
89 silly install resolved     scripts: { preinstall: 'node-waf configure build' },
89 silly install resolved     repository:
89 silly install resolved      { type: 'git',
89 silly install resolved        url: 'git://github.com/hanssonlarsson/node-gd.git' },
89 silly install resolved     dependencies: {},
89 silly install resolved     devDependencies: {},
89 silly install resolved     _id: 'gd@0.1.0',
89 silly install resolved     _engineSupported: true,
89 silly install resolved     _npmVersion: '1.0.3',
89 silly install resolved     _nodeVersion: 'v0.4.5',
89 silly install resolved     _defaultsLoaded: true,
89 silly install resolved     dist:
89 silly install resolved      { shasum: '44634d4b2e9b3198842a9174f2a264893c1854c2',
89 silly install resolved        bin: [Object],
89 silly install resolved        tarball: 'https://registry.npmjs.org/gd/-/gd-0.1.0.tgz' },
89 silly install resolved     directories: {},
89 silly install resolved     _shasum: '44634d4b2e9b3198842a9174f2a264893c1854c2',
89 silly install resolved     _resolved: 'https://registry.npmjs.org/gd/-/gd-0.1.0.tgz',
89 silly install resolved     _from: 'gd@latest' } ]
90 info install gd@0.1.0 into c:\workspace\ido_server
91 info installOne gd@0.1.0
92 verbose installOne of gd to c:\workspace\ido_server not in flight; installing
93 verbose lock using C:\Users\user\AppData\Roaming\npm-cache\_locks\gd-ac4d3aeff9a4f8fc.lock for c:\workspace\ido_server\node_modules\gd
94 silly install write writing gd 0.1.0 to c:\workspace\ido_server\node_modules\gd
95 verbose unbuild node_modules\gd
96 silly gentlyRm c:\workspace\ido_server\node_modules\gd is being purged from base c:\workspace\ido_server
97 verbose gentlyRm don't care about contents; nuking c:\workspace\ido_server\node_modules\gd
98 verbose tar unpack C:\Users\user\AppData\Roaming\npm-cache\gd\0.1.0\package.tgz
99 verbose tar unpacking to c:\workspace\ido_server\node_modules\gd
100 silly gentlyRm c:\workspace\ido_server\node_modules\gd is being purged
101 verbose gentlyRm don't care about contents; nuking c:\workspace\ido_server\node_modules\gd
102 silly gunzTarPerm modes [ '777', '666' ]
103 silly gunzTarPerm extractEntry gd_bindings.cc
104 silly gunzTarPerm modified mode [ 'gd_bindings.cc', 420, 438 ]
105 silly gunzTarPerm extractEntry package.json
106 silly gunzTarPerm modified mode [ 'package.json', 420, 438 ]
107 silly gunzTarPerm extractEntry README
108 silly gunzTarPerm modified mode [ 'README', 420, 438 ]
109 silly gunzTarPerm extractEntry gd.js
110 silly gunzTarPerm modified mode [ 'gd.js', 420, 438 ]
111 silly gunzTarPerm extractEntry wscript
112 silly gunzTarPerm modified mode [ 'wscript', 420, 438 ]
113 silly gunzTarPerm extractEntry test.js
114 silly gunzTarPerm modified mode [ 'test.js', 493, 511 ]
115 verbose write writing to c:\workspace\ido_server\node_modules\gd\package.json
116 info preinstall gd@0.1.0
117 verbose unsafe-perm in lifecycle true
118 info gd@0.1.0 Failed to exec preinstall script
119 verbose unlock done using C:\Users\user\AppData\Roaming\npm-cache\_locks\gd-ac4d3aeff9a4f8fc.lock for c:\workspace\ido_server\node_modules\gd
120 verbose stack Error: gd@0.1.0 preinstall: `node-waf configure build`
120 verbose stack Exit status 1
120 verbose stack     at EventEmitter.<anonymous> (C:\Program Files (x86)\nodejs\node_modules\npm\lib\utils\lifecycle.js:214:16)
120 verbose stack     at emitTwo (events.js:87:13)
120 verbose stack     at EventEmitter.emit (events.js:172:7)
120 verbose stack     at ChildProcess.<anonymous> (C:\Program Files (x86)\nodejs\node_modules\npm\lib\utils\spawn.js:24:14)
120 verbose stack     at emitTwo (events.js:87:13)
120 verbose stack     at ChildProcess.emit (events.js:172:7)
120 verbose stack     at maybeClose (internal/child_process.js:821:16)
120 verbose stack     at Process.ChildProcess._handle.onexit (internal/child_process.js:211:5)
121 verbose pkgid gd@0.1.0
122 verbose cwd c:\workspace\ido_server
123 error Windows_NT 6.1.7601
124 error argv "C:\\Program Files (x86)\\nodejs\\node.exe" "C:\\Program Files (x86)\\nodejs\\node_modules\\npm\\bin\\npm-cli.js" "install" "gd"
125 error node v4.2.6
126 error npm  v2.14.12
127 error code ELIFECYCLE
128 error gd@0.1.0 preinstall: `node-waf configure build`
128 error Exit status 1
129 error Failed at the gd@0.1.0 preinstall script 'node-waf configure build'.
129 error This is most likely a problem with the gd package,
129 error not with npm itself.
129 error Tell the author that this fails on your system:
129 error     node-waf configure build
129 error You can get their info via:
129 error     npm owner ls gd
129 error There is likely additional logging output above.
130 verbose exit [ 1, true ]
131 verbose unbuild node_modules\gd
132 info preuninstall gd@0.1.0
133 info uninstall gd@0.1.0
134 verbose unbuild rmStuff gd@0.1.0 from c:\workspace\ido_server\node_modules
135 info postuninstall gd@0.1.0
136 silly gentlyRm c:\workspace\ido_server\node_modules\gd is being purged from base c:\workspace\ido_server
137 verbose gentlyRm don't care about contents; nuking c:\workspace\ido_server\node_modules\gd
138 silly vacuum-fs purging c:\workspace\ido_server\node_modules\gd
139 silly vacuum-fs quitting because other entries in c:\workspace\ido_server\node_modules
